<?xml version="1.0" encoding="UTF-8"?>
<!-- Generated by org.testng.reporters.JUnitReportReporter -->
<testsuite hostname="TYSS-Nagesh-DJ" failures="0" tests="1" name="pack1.CreateContactTest" time="0.017" errors="0" timestamp="2024-11-12T16:56:39 IST" skipped="0">
  <testcase classname="pack1.CreateContactTest" name="createContactTest" time="0.017"/>
</testsuite> <!-- pack1.CreateContactTest -->
