<?xml version="1.0" encoding="UTF-8"?>
<!-- Generated by org.testng.reporters.JUnitReportReporter -->
<testsuite hostname="TYSS-Nagesh-DJ" failures="0" tests="6" name="testNG.com.crm.contactTest.CreateContactTest" time="46.910" errors="0" timestamp="07 Nov 2024 07:55:56 GMT" skipped="0">
  <testcase classname="testNG.com.crm.contactTest.CreateContactTest" name="createContactWithSupportDateTest" time="4.186"/>
  <testcase classname="testNG.com.crm.contactTest.CreateContactTest" name="createContactWithOrgTest" time="4.518"/>
  <testcase classname="testNG.com.crm.contactTest.CreateContactTest" name="CreateContactTest" time="14.499"/>
  <testcase classname="testNG.com.crm.contactTest.CreateContactTest" name="createContactWithOrgTest" time="5.793"/>
  <testcase classname="testNG.com.crm.contactTest.CreateContactTest" name="createContactWithSupportDateTest" time="3.919"/>
  <testcase classname="testNG.com.crm.contactTest.CreateContactTest" name="CreateContactTest" time="13.995"/>
</testsuite> <!-- testNG.com.crm.contactTest.CreateContactTest -->
