<?xml version="1.0" encoding="UTF-8"?>
<!-- Generated by org.testng.reporters.JUnitReportReporter -->
<testsuite hostname="TYSS-Nagesh-DJ" failures="0" tests="6" name="testNG.com.crm.orgTest.CreateOrganizationTest" time="37.417" errors="0" timestamp="07 Nov 2024 07:55:56 GMT" skipped="0">
  <testcase classname="testNG.com.crm.orgTest.CreateOrganizationTest" name="createOrgWithIndustriesTest" time="5.764"/>
  <testcase classname="testNG.com.crm.orgTest.CreateOrganizationTest" name="createOrgWithIndustriesTest" time="5.854"/>
  <testcase classname="testNG.com.crm.orgTest.CreateOrganizationTest" name="CreateOrTest" time="7.132"/>
  <testcase classname="testNG.com.crm.orgTest.CreateOrganizationTest" name="createOrgWithPhoneNumberTest" time="5.904"/>
  <testcase classname="testNG.com.crm.orgTest.CreateOrganizationTest" name="CreateOrTest" time="6.908"/>
  <testcase classname="testNG.com.crm.orgTest.CreateOrganizationTest" name="createOrgWithPhoneNumberTest" time="5.855"/>
</testsuite> <!-- testNG.com.crm.orgTest.CreateOrganizationTest -->
