<?xml version="1.0" encoding="UTF-8"?>
<!-- Generated by org.testng.reporters.JUnitReportReporter -->
<testsuite hostname="TYSS-Nagesh-DJ" failures="0" tests="2" name="com.crm.orgTest.testNG_CreateOrgTest" time="0.021" errors="0" timestamp="06 Nov 2024 06:37:09 GMT" skipped="0">
  <testcase classname="com.crm.orgTest.testNG_CreateOrgTest" name="createOrgTest" time="0.014"/>
  <testcase classname="com.crm.orgTest.testNG_CreateOrgTest" name="createOrgWithIndustryTest" time="0.007"/>
</testsuite> <!-- com.crm.orgTest.testNG_CreateOrgTest -->
