<?xml version="1.0" encoding="UTF-8"?>
<!-- Generated by org.testng.reporters.JUnitReportReporter -->
<testsuite hostname="TYSS-Nagesh-DJ" failures="0" tests="1" name="practice.TestNG.a_practice_BeforeSuit_class_me_And_After_S_C_M" time="0.011" errors="0" timestamp="06 Nov 2024 05:19:35 GMT" skipped="0">
  <testcase classname="practice.TestNG.a_practice_BeforeSuit_class_me_And_After_S_C_M" name="createContactTest" time="0.011"/>
</testsuite> <!-- practice.TestNG.a_practice_BeforeSuit_class_me_And_After_S_C_M -->
