<?xml version="1.0" encoding="UTF-8"?>
<!-- Generated by org.testng.reporters.JUnitReportReporter -->
<testsuite hostname="TYSS-Nagesh-DJ" failures="0" tests="2" name="com.crm.contactTest.testNG_CreateContactTest" time="0.011" errors="0" timestamp="06 Nov 2024 06:37:09 GMT" skipped="0">
  <testcase classname="com.crm.contactTest.testNG_CreateContactTest" name="createContactTest" time="0.005"/>
  <testcase classname="com.crm.contactTest.testNG_CreateContactTest" name="createContactwithDateTest" time="0.006"/>
</testsuite> <!-- com.crm.contactTest.testNG_CreateContactTest -->
